2017-02-27 12:38:35,635 : DEBUG : ModalContext : ManualIfNodeFactory : 10. Workflow Control - solution : 17 : Factory is already initialized. Nothing to do.
2017-02-27 12:38:35,643 : DEBUG : ModalContext : ReadTableNodeFactory : 10. Workflow Control - solution : 17 : Factory is already initialized. Nothing to do.
2017-02-27 12:38:35,654 : DEBUG : ModalContext : GroupByNodeFactory : 10. Workflow Control - solution : 17 : Factory is already initialized. Nothing to do.
2017-02-27 12:38:35,712 : DEBUG : ModalContext : RuleEngineVariableNodeFactory : 10. Workflow Control - solution : 17 : Factory is already initialized. Nothing to do.
2017-02-27 12:38:35,778 : DEBUG : ModalContext : ImageToTableNodeFactory : 10. Workflow Control - solution : 17 : Factory is already initialized. Nothing to do.
2017-02-27 12:38:35,785 : DEBUG : ModalContext : ImageToTableNodeFactory : 10. Workflow Control - solution : 17 : Factory is already initialized. Nothing to do.
2017-02-27 12:38:35,797 : DEBUG : ModalContext : EndifNodeFactory : 10. Workflow Control - solution : 17 : Factory is already initialized. Nothing to do.
2017-02-27 12:38:35,813 : DEBUG : ModalContext : TableRowToImageNodeFactory : 10. Workflow Control - solution : 17 : Factory is already initialized. Nothing to do.
2017-02-27 12:38:35,963 : DEBUG : ModalContext : SingleSelectionQuickFormNodeFactory : 10. Workflow Control - solution : 17 : Factory is already initialized. Nothing to do.
2017-02-27 12:38:35,983 : DEBUG : ModalContext : ScatterPlotNodeFactory : 10. Workflow Control - solution : 17 : Factory is already initialized. Nothing to do.
2017-02-27 12:38:36,645 : DEBUG : ModalContext : CreateFilenameNodeFactory : 10. Workflow Control - solution : 17 : Factory is already initialized. Nothing to do.
2017-02-27 12:38:36,660 : DEBUG : ModalContext : VariableLoopEndNodeFactory : 10. Workflow Control - solution : 17 : Factory is already initialized. Nothing to do.
2017-02-27 12:38:36,669 : DEBUG : ModalContext : ReadTableNodeFactory : 10. Workflow Control - solution : 17 : Factory is already initialized. Nothing to do.
2017-02-27 12:38:36,678 : DEBUG : ModalContext : WriteTableNodeFactory : 10. Workflow Control - solution : 17 : Factory is already initialized. Nothing to do.
2017-02-27 12:38:36,692 : DEBUG : ModalContext : GroupLoopStartNodeFactory : 10. Workflow Control - solution : 17 : Factory is already initialized. Nothing to do.
2017-02-27 12:38:36,735 : DEBUG : ModalContext : ListFilesNodeFactory : 10. Workflow Control - solution : 17 : Factory is already initialized. Nothing to do.
2017-02-27 12:38:36,747 : DEBUG : ModalContext : LoopStartVariableNodeFactory : 10. Workflow Control - solution : 17 : Factory is already initialized. Nothing to do.
2017-02-27 12:38:36,759 : DEBUG : ModalContext : LoopEndNodeFactory : 10. Workflow Control - solution : 17 : Factory is already initialized. Nothing to do.
2017-02-27 12:38:36,768 : DEBUG : ModalContext : ReadTableNodeFactory : 10. Workflow Control - solution : 17 : Factory is already initialized. Nothing to do.
2017-02-27 12:38:36,787 : DEBUG : ModalContext : Table Reader : Table Reader : 17:16 : Configure succeeded. (Table Reader)
2017-02-27 12:38:36,790 : DEBUG : ModalContext : Single Selection : Single Selection : 17:34 : Configure succeeded. (Single Selection)
2017-02-27 12:38:36,798 : DEBUG : ModalContext : Table Reader : Table Reader : 17:39 : Configure succeeded. (Table Reader)
2017-02-27 12:38:36,820 : DEBUG : ModalContext : List Files : List Files : 17:42 : Configure succeeded. (List Files)
2017-02-27 12:38:36,951 : DEBUG : ModalContext : Rule Engine Variable : Rule Engine Variable : 17:25 : Configure succeeded. (Rule Engine Variable)
2017-02-27 12:38:36,959 : DEBUG : ModalContext : Group Loop Start : Group Loop Start : 17:41 : Configure succeeded. (Group Loop Start)
2017-02-27 12:38:36,961 : DEBUG : ModalContext : Table Row To Variable Loop Start : Table Row To Variable Loop Start : 17:43 : Configure succeeded. (Table Row To Variable Loop Start)
2017-02-27 12:38:36,964 : DEBUG : ModalContext : IF Switch : IF Switch : 17:13 : Configure succeeded. (IF Switch)
2017-02-27 12:38:36,969 : WARN  : ModalContext : Create File Name : Create File Name : 17:37 : Please provide a file name
2017-02-27 12:38:36,976 : WARN  : ModalContext : Table Reader : Table Reader : 17:45 : No source location provided! Please enter a valid location.
2017-02-27 12:38:36,980 : DEBUG : ModalContext : JavaScript Scatter Plot : JavaScript Scatter Plot : 17:35 : Configure succeeded. (JavaScript Scatter Plot)
2017-02-27 12:38:36,986 : DEBUG : ModalContext : Image To Table : Image To Table : 17:29 : Configure succeeded. (Image To Table)
2017-02-27 12:38:36,995 : DEBUG : ModalContext : End IF : End IF : 17:31 : Configure succeeded. (End IF)
2017-02-27 12:38:37,026 : WARN  : ModalContext : Table To Image : Table To Image : 17:32 : Found image column 'Image'.
2017-02-27 12:38:37,027 : DEBUG : ModalContext : Table To Image : Table To Image : 17:32 : Configure succeeded. (Table To Image)
2017-02-27 12:46:39,818 : DEBUG : main : ProjectWorkflowMap : 10. Workflow Control - solution : 17 : Removing "file:/C:/Users/iris.adae/knime-workspace_testing/KNIMEUserTraining/solutions/10.%20Workflow%20Control%20-%20solution/" from project map (12 remaining)
2017-02-27 12:46:39,819 : DEBUG : main : WorkflowManager : 10. Workflow Control - solution : 17 : Removing project "10. Workflow Control - solution 17"
2017-02-27 12:46:39,831 : DEBUG : main : TableRowToImageNodeModel : Table To Image : 17:32 : Removing all (0) views from model.
2017-02-27 12:46:39,832 : DEBUG : main : Table To Image : Table To Image : 17:32 : clean output ports.
2017-02-27 12:46:39,832 : DEBUG : main : EndifNodeModel : End IF : 17:31 : Removing all (0) views from model.
2017-02-27 12:46:39,833 : DEBUG : main : End IF : End IF : 17:31 : clean output ports.
2017-02-27 12:46:39,833 : DEBUG : main : ImageToTableNodeModel : Image To Table : 17:30 : Removing all (0) views from model.
2017-02-27 12:46:39,834 : DEBUG : main : Image To Table : Image To Table : 17:30 : clean output ports.
2017-02-27 12:46:39,834 : DEBUG : main : VariableLoopEndNodeModel : Variable Loop End : 17:38 : Removing all (0) views from model.
2017-02-27 12:46:39,835 : DEBUG : main : Variable Loop End : Variable Loop End : 17:38 : clean output ports.
2017-02-27 12:46:39,835 : DEBUG : main : DynamicJSNodeModel : JavaScript Bar Chart : 17:36 : Removing all (0) views from model.
2017-02-27 12:46:39,836 : DEBUG : main : JavaScript Bar Chart : JavaScript Bar Chart : 17:36 : clean output ports.
2017-02-27 12:46:39,836 : DEBUG : main : ImageToTableNodeModel : Image To Table : 17:29 : Removing all (0) views from model.
2017-02-27 12:46:39,837 : DEBUG : main : Image To Table : Image To Table : 17:29 : clean output ports.
2017-02-27 12:46:39,837 : DEBUG : main : LoopEndNodeModel : Loop End : 17:44 : Removing all (0) views from model.
2017-02-27 12:46:39,837 : DEBUG : main : Loop End : Loop End : 17:44 : clean output ports.
2017-02-27 12:46:39,838 : DEBUG : main : WriteTableNodeModel : Table Writer : 17:40 : Removing all (0) views from model.
2017-02-27 12:46:39,838 : DEBUG : main : Table Writer : Table Writer : 17:40 : clean output ports.
2017-02-27 12:46:39,839 : DEBUG : main : GroupByNodeModel : GroupBy : 17:24 : Removing all (0) views from model.
2017-02-27 12:46:39,840 : DEBUG : main : GroupBy : GroupBy : 17:24 : clean output ports.
2017-02-27 12:46:39,840 : DEBUG : main : ScatterPlotNodeModel : JavaScript Scatter Plot : 17:35 : Removing all (0) views from model.
2017-02-27 12:46:39,841 : DEBUG : main : JavaScript Scatter Plot : JavaScript Scatter Plot : 17:35 : clean output ports.
2017-02-27 12:46:39,841 : DEBUG : main : ReadTableNodeModel : Table Reader : 17:45 : Removing all (0) views from model.
2017-02-27 12:46:39,841 : DEBUG : main : Table Reader : Table Reader : 17:45 : clean output ports.
2017-02-27 12:46:39,842 : DEBUG : main : CreateFilenameNodeModel : Create File Name : 17:37 : Removing all (0) views from model.
2017-02-27 12:46:39,842 : DEBUG : main : Create File Name : Create File Name : 17:37 : clean output ports.
2017-02-27 12:46:39,843 : DEBUG : main : ManualIfNodeModel : IF Switch : 17:13 : Removing all (0) views from model.
2017-02-27 12:46:39,843 : DEBUG : main : IF Switch : IF Switch : 17:13 : clean output ports.
2017-02-27 12:46:39,843 : DEBUG : main : LoopStartVariableNodeModel : Table Row To Variable Loop Start : 17:43 : Removing all (0) views from model.
2017-02-27 12:46:39,844 : DEBUG : main : Table Row To Variable Loop Start : Table Row To Variable Loop Start : 17:43 : clean output ports.
2017-02-27 12:46:39,844 : DEBUG : main : GroupLoopStartNodeModel : Group Loop Start : 17:41 : Removing all (0) views from model.
2017-02-27 12:46:39,844 : DEBUG : main : Group Loop Start : Group Loop Start : 17:41 : clean output ports.
2017-02-27 12:46:39,845 : DEBUG : main : RuleEngineVariableNodeModel : Rule Engine Variable : 17:25 : Removing all (0) views from model.
2017-02-27 12:46:39,845 : DEBUG : main : Rule Engine Variable : Rule Engine Variable : 17:25 : clean output ports.
2017-02-27 12:46:39,846 : DEBUG : main : ListFilesNodeModel : List Files : 17:42 : Removing all (0) views from model.
2017-02-27 12:46:39,846 : DEBUG : main : List Files : List Files : 17:42 : clean output ports.
2017-02-27 12:46:39,847 : DEBUG : main : ReadTableNodeModel : Table Reader : 17:39 : Removing all (0) views from model.
2017-02-27 12:46:39,847 : DEBUG : main : Table Reader : Table Reader : 17:39 : clean output ports.
2017-02-27 12:46:39,847 : DEBUG : main : SingleSelectionQuickFormNodeModel : Single Selection : 17:34 : Removing all (0) views from model.
2017-02-27 12:46:39,848 : DEBUG : main : Single Selection : Single Selection : 17:34 : clean output ports.
2017-02-27 12:46:39,848 : DEBUG : main : ReadTableNodeModel : Table Reader : 17:16 : Removing all (0) views from model.
2017-02-27 12:46:39,849 : DEBUG : main : Table Reader : Table Reader : 17:16 : clean output ports.
2017-02-27 12:46:39,850 : DEBUG : main : WorkflowManager : 10. Workflow Control - solution : 17 : Project "10. Workflow Control - solution 17" removed (13 remaining)
